
*** Running vivado
    with args -log UART_Rx_Top.vds -m64 -product Vivado -mode batch -messageDb vivado.pb -notrace -source UART_Rx_Top.tcl



****** Vivado v2021.2 (64-bit)
  **** SW Build 3367213 on Tue Oct 19 02:48:09 MDT 2021
  **** IP Build 3369179 on Thu Oct 21 08:25:16 MDT 2021
    ** Copyright 1986-2021 Xilinx, Inc. All Rights Reserved.

source UART_Rx_Top.tcl -notrace
Command: synth_design -top UART_Rx_Top -part xc7a35tcpg236-1
Starting synth_design
Attempting to get a license for feature 'Synthesis' and/or device 'xc7a35t'
INFO: [Common 17-349] Got license for feature 'Synthesis' and/or device 'xc7a35t'
INFO: [Device 21-403] Loading part xc7a35tcpg236-1
INFO: [Synth 8-7079] Multithreading enabled for synth_design using a maximum of 2 processes.
INFO: [Synth 8-7078] Launching helper process for spawning children vivado processes
INFO: [Synth 8-7075] Helper process launched with PID 31772
---------------------------------------------------------------------------------
Starting RTL Elaboration : Time (s): cpu = 00:00:05 ; elapsed = 00:00:05 . Memory (MB): peak = 1412.465 ; gain = 0.000
---------------------------------------------------------------------------------
INFO: [Synth 8-638] synthesizing module 'UART_Rx_Top' [C:/Users/jackf/School/Engineering/ECE3610/receiver/receiver.srcs/sources_1/new/UART_rx.vhd:11]
INFO: [Synth 8-3491] module 'receiver' declared at 'C:/Users/jackf/School/Engineering/ECE3610/receiver/receiver.srcs/sources_1/new/receiver.vhd:6' bound to instance 'R' of component 'receiver' [C:/Users/jackf/School/Engineering/ECE3610/receiver/receiver.srcs/sources_1/new/UART_rx.vhd:28]
INFO: [Synth 8-638] synthesizing module 'receiver' [C:/Users/jackf/School/Engineering/ECE3610/receiver/receiver.srcs/sources_1/new/receiver.vhd:14]
INFO: [Synth 8-256] done synthesizing module 'receiver' (1#1) [C:/Users/jackf/School/Engineering/ECE3610/receiver/receiver.srcs/sources_1/new/receiver.vhd:14]
INFO: [Synth 8-256] done synthesizing module 'UART_Rx_Top' (2#1) [C:/Users/jackf/School/Engineering/ECE3610/receiver/receiver.srcs/sources_1/new/UART_rx.vhd:11]
---------------------------------------------------------------------------------
Finished RTL Elaboration : Time (s): cpu = 00:00:06 ; elapsed = 00:00:06 . Memory (MB): peak = 1412.465 ; gain = 0.000
---------------------------------------------------------------------------------
---------------------------------------------------------------------------------
Start Handling Custom Attributes
---------------------------------------------------------------------------------
---------------------------------------------------------------------------------
Finished Handling Custom Attributes : Time (s): cpu = 00:00:06 ; elapsed = 00:00:07 . Memory (MB): peak = 1412.465 ; gain = 0.000
---------------------------------------------------------------------------------
---------------------------------------------------------------------------------
Finished RTL Optimization Phase 1 : Time (s): cpu = 00:00:06 ; elapsed = 00:00:07 . Memory (MB): peak = 1412.465 ; gain = 0.000
---------------------------------------------------------------------------------
Netlist sorting complete. Time (s): cpu = 00:00:00 ; elapsed = 00:00:00.002 . Memory (MB): peak = 1412.465 ; gain = 0.000
INFO: [Project 1-570] Preparing netlist for logic optimization

Processing XDC Constraints
Initializing timing engine
Parsing XDC File [C:/Users/jackf/School/Engineering/ECE3610/receiver/receiver.srcs/constrs_1/new/basys_constraints.xdc]
WARNING: [Vivado 12-584] No ports matched 'vauxp6'. [C:/Users/jackf/School/Engineering/ECE3610/receiver/receiver.srcs/constrs_1/new/basys_constraints.xdc:209]
CRITICAL WARNING: [Common 17-55] 'set_property' expects at least one object. [C:/Users/jackf/School/Engineering/ECE3610/receiver/receiver.srcs/constrs_1/new/basys_constraints.xdc:209]
Resolution: If [get_<value>] was used to populate the object, check to make sure this command returns at least one valid object.
WARNING: [Vivado 12-584] No ports matched 'vauxp6'. [C:/Users/jackf/School/Engineering/ECE3610/receiver/receiver.srcs/constrs_1/new/basys_constraints.xdc:210]
CRITICAL WARNING: [Common 17-55] 'set_property' expects at least one object. [C:/Users/jackf/School/Engineering/ECE3610/receiver/receiver.srcs/constrs_1/new/basys_constraints.xdc:210]
Resolution: If [get_<value>] was used to populate the object, check to make sure this command returns at least one valid object.
WARNING: [Vivado 12-584] No ports matched 'vauxp14'. [C:/Users/jackf/School/Engineering/ECE3610/receiver/receiver.srcs/constrs_1/new/basys_constraints.xdc:212]
CRITICAL WARNING: [Common 17-55] 'set_property' expects at least one object. [C:/Users/jackf/School/Engineering/ECE3610/receiver/receiver.srcs/constrs_1/new/basys_constraints.xdc:212]
Resolution: If [get_<value>] was used to populate the object, check to make sure this command returns at least one valid object.
WARNING: [Vivado 12-584] No ports matched 'vauxp14'. [C:/Users/jackf/School/Engineering/ECE3610/receiver/receiver.srcs/constrs_1/new/basys_constraints.xdc:213]
CRITICAL WARNING: [Common 17-55] 'set_property' expects at least one object. [C:/Users/jackf/School/Engineering/ECE3610/receiver/receiver.srcs/constrs_1/new/basys_constraints.xdc:213]
Resolution: If [get_<value>] was used to populate the object, check to make sure this command returns at least one valid object.
WARNING: [Vivado 12-584] No ports matched 'vauxp7'. [C:/Users/jackf/School/Engineering/ECE3610/receiver/receiver.srcs/constrs_1/new/basys_constraints.xdc:215]
CRITICAL WARNING: [Common 17-55] 'set_property' expects at least one object. [C:/Users/jackf/School/Engineering/ECE3610/receiver/receiver.srcs/constrs_1/new/basys_constraints.xdc:215]
Resolution: If [get_<value>] was used to populate the object, check to make sure this command returns at least one valid object.
WARNING: [Vivado 12-584] No ports matched 'vauxp7'. [C:/Users/jackf/School/Engineering/ECE3610/receiver/receiver.srcs/constrs_1/new/basys_constraints.xdc:216]
CRITICAL WARNING: [Common 17-55] 'set_property' expects at least one object. [C:/Users/jackf/School/Engineering/ECE3610/receiver/receiver.srcs/constrs_1/new/basys_constraints.xdc:216]
Resolution: If [get_<value>] was used to populate the object, check to make sure this command returns at least one valid object.
WARNING: [Vivado 12-584] No ports matched 'vauxp15'. [C:/Users/jackf/School/Engineering/ECE3610/receiver/receiver.srcs/constrs_1/new/basys_constraints.xdc:218]
CRITICAL WARNING: [Common 17-55] 'set_property' expects at least one object. [C:/Users/jackf/School/Engineering/ECE3610/receiver/receiver.srcs/constrs_1/new/basys_constraints.xdc:218]
Resolution: If [get_<value>] was used to populate the object, check to make sure this command returns at least one valid object.
WARNING: [Vivado 12-584] No ports matched 'vauxp15'. [C:/Users/jackf/School/Engineering/ECE3610/receiver/receiver.srcs/constrs_1/new/basys_constraints.xdc:219]
CRITICAL WARNING: [Common 17-55] 'set_property' expects at least one object. [C:/Users/jackf/School/Engineering/ECE3610/receiver/receiver.srcs/constrs_1/new/basys_constraints.xdc:219]
Resolution: If [get_<value>] was used to populate the object, check to make sure this command returns at least one valid object.
WARNING: [Vivado 12-584] No ports matched 'vauxn6'. [C:/Users/jackf/School/Engineering/ECE3610/receiver/receiver.srcs/constrs_1/new/basys_constraints.xdc:221]
CRITICAL WARNING: [Common 17-55] 'set_property' expects at least one object. [C:/Users/jackf/School/Engineering/ECE3610/receiver/receiver.srcs/constrs_1/new/basys_constraints.xdc:221]
Resolution: If [get_<value>] was used to populate the object, check to make sure this command returns at least one valid object.
WARNING: [Vivado 12-584] No ports matched 'vauxn6'. [C:/Users/jackf/School/Engineering/ECE3610/receiver/receiver.srcs/constrs_1/new/basys_constraints.xdc:222]
CRITICAL WARNING: [Common 17-55] 'set_property' expects at least one object. [C:/Users/jackf/School/Engineering/ECE3610/receiver/receiver.srcs/constrs_1/new/basys_constraints.xdc:222]
Resolution: If [get_<value>] was used to populate the object, check to make sure this command returns at least one valid object.
WARNING: [Vivado 12-584] No ports matched 'vauxn14'. [C:/Users/jackf/School/Engineering/ECE3610/receiver/receiver.srcs/constrs_1/new/basys_constraints.xdc:224]
CRITICAL WARNING: [Common 17-55] 'set_property' expects at least one object. [C:/Users/jackf/School/Engineering/ECE3610/receiver/receiver.srcs/constrs_1/new/basys_constraints.xdc:224]
Resolution: If [get_<value>] was used to populate the object, check to make sure this command returns at least one valid object.
WARNING: [Vivado 12-584] No ports matched 'vauxn14'. [C:/Users/jackf/School/Engineering/ECE3610/receiver/receiver.srcs/constrs_1/new/basys_constraints.xdc:225]
CRITICAL WARNING: [Common 17-55] 'set_property' expects at least one object. [C:/Users/jackf/School/Engineering/ECE3610/receiver/receiver.srcs/constrs_1/new/basys_constraints.xdc:225]
Resolution: If [get_<value>] was used to populate the object, check to make sure this command returns at least one valid object.
WARNING: [Vivado 12-584] No ports matched 'vauxn7'. [C:/Users/jackf/School/Engineering/ECE3610/receiver/receiver.srcs/constrs_1/new/basys_constraints.xdc:227]
CRITICAL WARNING: [Common 17-55] 'set_property' expects at least one object. [C:/Users/jackf/School/Engineering/ECE3610/receiver/receiver.srcs/constrs_1/new/basys_constraints.xdc:227]
Resolution: If [get_<value>] was used to populate the object, check to make sure this command returns at least one valid object.
WARNING: [Vivado 12-584] No ports matched 'vauxn7'. [C:/Users/jackf/School/Engineering/ECE3610/receiver/receiver.srcs/constrs_1/new/basys_constraints.xdc:228]
CRITICAL WARNING: [Common 17-55] 'set_property' expects at least one object. [C:/Users/jackf/School/Engineering/ECE3610/receiver/receiver.srcs/constrs_1/new/basys_constraints.xdc:228]
Resolution: If [get_<value>] was used to populate the object, check to make sure this command returns at least one valid object.
WARNING: [Vivado 12-584] No ports matched 'vauxn15'. [C:/Users/jackf/School/Engineering/ECE3610/receiver/receiver.srcs/constrs_1/new/basys_constraints.xdc:230]
CRITICAL WARNING: [Common 17-55] 'set_property' expects at least one object. [C:/Users/jackf/School/Engineering/ECE3610/receiver/receiver.srcs/constrs_1/new/basys_constraints.xdc:230]
Resolution: If [get_<value>] was used to populate the object, check to make sure this command returns at least one valid object.
WARNING: [Vivado 12-584] No ports matched 'vauxn15'. [C:/Users/jackf/School/Engineering/ECE3610/receiver/receiver.srcs/constrs_1/new/basys_constraints.xdc:231]
CRITICAL WARNING: [Common 17-55] 'set_property' expects at least one object. [C:/Users/jackf/School/Engineering/ECE3610/receiver/receiver.srcs/constrs_1/new/basys_constraints.xdc:231]
Resolution: If [get_<value>] was used to populate the object, check to make sure this command returns at least one valid object.
Finished Parsing XDC File [C:/Users/jackf/School/Engineering/ECE3610/receiver/receiver.srcs/constrs_1/new/basys_constraints.xdc]
INFO: [Project 1-236] Implementation specific constraints were found while reading constraint file [C:/Users/jackf/School/Engineering/ECE3610/receiver/receiver.srcs/constrs_1/new/basys_constraints.xdc]. These constraints will be ignored for synthesis but will be used in implementation. Impacted constraints are listed in the file [.Xil/UART_Rx_Top_propImpl.xdc].
Resolution: To avoid this warning, move constraints listed in [.Xil/UART_Rx_Top_propImpl.xdc] to another XDC file and exclude this new file from synthesis with the used_in_synthesis property (File Properties dialog in GUI) and re-run elaboration/synthesis.
Completed Processing XDC Constraints

Netlist sorting complete. Time (s): cpu = 00:00:00 ; elapsed = 00:00:00.001 . Memory (MB): peak = 1412.465 ; gain = 0.000
INFO: [Project 1-111] Unisim Transformation Summary:
No Unisim elements were transformed.

Constraint Validation Runtime : Time (s): cpu = 00:00:00 ; elapsed = 00:00:00.002 . Memory (MB): peak = 1412.465 ; gain = 0.000
---------------------------------------------------------------------------------
Finished Constraint Validation : Time (s): cpu = 00:00:13 ; elapsed = 00:00:14 . Memory (MB): peak = 1412.465 ; gain = 0.000
---------------------------------------------------------------------------------
---------------------------------------------------------------------------------
Start Loading Part and Timing Information
---------------------------------------------------------------------------------
Loading part: xc7a35tcpg236-1
---------------------------------------------------------------------------------
Finished Loading Part and Timing Information : Time (s): cpu = 00:00:13 ; elapsed = 00:00:14 . Memory (MB): peak = 1412.465 ; gain = 0.000
---------------------------------------------------------------------------------
---------------------------------------------------------------------------------
Start Applying 'set_property' XDC Constraints
---------------------------------------------------------------------------------
---------------------------------------------------------------------------------
Finished applying 'set_property' XDC Constraints : Time (s): cpu = 00:00:13 ; elapsed = 00:00:14 . Memory (MB): peak = 1412.465 ; gain = 0.000
---------------------------------------------------------------------------------
INFO: [Synth 8-802] inferred FSM for state register 'state_rx_reg' in module 'receiver'
---------------------------------------------------------------------------------------------------
                   State |                     New Encoding |                Previous Encoding 
---------------------------------------------------------------------------------------------------
                    idle |                               00 |                               00
               start_bit |                               01 |                               01
                    data |                               10 |                               10
---------------------------------------------------------------------------------------------------
INFO: [Synth 8-3354] encoded FSM with state register 'state_rx_reg' using encoding 'sequential' in module 'receiver'
---------------------------------------------------------------------------------
Finished RTL Optimization Phase 2 : Time (s): cpu = 00:00:13 ; elapsed = 00:00:14 . Memory (MB): peak = 1412.465 ; gain = 0.000
---------------------------------------------------------------------------------
---------------------------------------------------------------------------------
Start RTL Component Statistics 
---------------------------------------------------------------------------------
Detailed RTL Component Info : 
+---Adders : 
	   2 Input   10 Bit       Adders := 1     
	   2 Input    4 Bit       Adders := 1     
	   2 Input    3 Bit       Adders := 1     
+---Registers : 
	               10 Bit    Registers := 1     
	                8 Bit    Registers := 2     
	                4 Bit    Registers := 1     
	                3 Bit    Registers := 1     
	                1 Bit    Registers := 1     
+---Muxes : 
	   2 Input   10 Bit        Muxes := 1     
	   3 Input   10 Bit        Muxes := 1     
	   3 Input    8 Bit        Muxes := 2     
	   3 Input    4 Bit        Muxes := 1     
	   3 Input    3 Bit        Muxes := 1     
	   3 Input    2 Bit        Muxes := 1     
	   2 Input    2 Bit        Muxes := 1     
	   3 Input    1 Bit        Muxes := 5     
---------------------------------------------------------------------------------
Finished RTL Component Statistics 
---------------------------------------------------------------------------------
---------------------------------------------------------------------------------
Start Part Resource Summary
---------------------------------------------------------------------------------
Part Resources:
DSPs: 90 (col length:60)
BRAMs: 100 (col length: RAMB18 60 RAMB36 30)
---------------------------------------------------------------------------------
Finished Part Resource Summary
---------------------------------------------------------------------------------
---------------------------------------------------------------------------------
Start Cross Boundary and Area Optimization
---------------------------------------------------------------------------------
WARNING: [Synth 8-7080] Parallel synthesis criteria is not met
WARNING: [Synth 8-3332] Sequential element (R/FSM_sequential_state_rx_reg[1]) is unused and will be removed from module UART_Rx_Top.
WARNING: [Synth 8-3332] Sequential element (R/FSM_sequential_state_rx_reg[0]) is unused and will be removed from module UART_Rx_Top.
---------------------------------------------------------------------------------
Finished Cross Boundary and Area Optimization : Time (s): cpu = 00:00:15 ; elapsed = 00:00:16 . Memory (MB): peak = 1412.465 ; gain = 0.000
---------------------------------------------------------------------------------
---------------------------------------------------------------------------------
Start Applying XDC Timing Constraints
---------------------------------------------------------------------------------
---------------------------------------------------------------------------------
Finished Applying XDC Timing Constraints : Time (s): cpu = 00:00:21 ; elapsed = 00:00:22 . Memory (MB): peak = 1412.465 ; gain = 0.000
---------------------------------------------------------------------------------
---------------------------------------------------------------------------------
Start Timing Optimization
---------------------------------------------------------------------------------
---------------------------------------------------------------------------------
Finished Timing Optimization : Time (s): cpu = 00:00:21 ; elapsed = 00:00:22 . Memory (MB): peak = 1412.465 ; gain = 0.000
---------------------------------------------------------------------------------
---------------------------------------------------------------------------------
Start Technology Mapping
---------------------------------------------------------------------------------
---------------------------------------------------------------------------------
Finished Technology Mapping : Time (s): cpu = 00:00:21 ; elapsed = 00:00:22 . Memory (MB): peak = 1412.465 ; gain = 0.000
---------------------------------------------------------------------------------
---------------------------------------------------------------------------------
Start IO Insertion
---------------------------------------------------------------------------------
---------------------------------------------------------------------------------
Start Flattening Before IO Insertion
---------------------------------------------------------------------------------
---------------------------------------------------------------------------------
Finished Flattening Before IO Insertion
---------------------------------------------------------------------------------
---------------------------------------------------------------------------------
Start Final Netlist Cleanup
---------------------------------------------------------------------------------
---------------------------------------------------------------------------------
Finished Final Netlist Cleanup
---------------------------------------------------------------------------------
---------------------------------------------------------------------------------
Finished IO Insertion : Time (s): cpu = 00:00:25 ; elapsed = 00:00:26 . Memory (MB): peak = 1412.465 ; gain = 0.000
---------------------------------------------------------------------------------
---------------------------------------------------------------------------------
Start Renaming Generated Instances
---------------------------------------------------------------------------------
---------------------------------------------------------------------------------
Finished Renaming Generated Instances : Time (s): cpu = 00:00:25 ; elapsed = 00:00:26 . Memory (MB): peak = 1412.465 ; gain = 0.000
---------------------------------------------------------------------------------
---------------------------------------------------------------------------------
Start Rebuilding User Hierarchy
---------------------------------------------------------------------------------
---------------------------------------------------------------------------------
Finished Rebuilding User Hierarchy : Time (s): cpu = 00:00:25 ; elapsed = 00:00:26 . Memory (MB): peak = 1412.465 ; gain = 0.000
---------------------------------------------------------------------------------
---------------------------------------------------------------------------------
Start Renaming Generated Ports
---------------------------------------------------------------------------------
---------------------------------------------------------------------------------
Finished Renaming Generated Ports : Time (s): cpu = 00:00:25 ; elapsed = 00:00:26 . Memory (MB): peak = 1412.465 ; gain = 0.000
---------------------------------------------------------------------------------
---------------------------------------------------------------------------------
Start Handling Custom Attributes
---------------------------------------------------------------------------------
---------------------------------------------------------------------------------
Finished Handling Custom Attributes : Time (s): cpu = 00:00:25 ; elapsed = 00:00:26 . Memory (MB): peak = 1412.465 ; gain = 0.000
---------------------------------------------------------------------------------
---------------------------------------------------------------------------------
Start Renaming Generated Nets
---------------------------------------------------------------------------------
---------------------------------------------------------------------------------
Finished Renaming Generated Nets : Time (s): cpu = 00:00:25 ; elapsed = 00:00:26 . Memory (MB): peak = 1412.465 ; gain = 0.000
---------------------------------------------------------------------------------
---------------------------------------------------------------------------------
Start Writing Synthesis Report
---------------------------------------------------------------------------------

Report BlackBoxes: 
+-+--------------+----------+
| |BlackBox name |Instances |
+-+--------------+----------+
+-+--------------+----------+

Report Cell Usage: 
+------+-----+------+
|      |Cell |Count |
+------+-----+------+
|1     |OBUF |     8|
+------+-----+------+
---------------------------------------------------------------------------------
Finished Writing Synthesis Report : Time (s): cpu = 00:00:25 ; elapsed = 00:00:26 . Memory (MB): peak = 1412.465 ; gain = 0.000
---------------------------------------------------------------------------------
Synthesis finished with 0 errors, 0 critical warnings and 3 warnings.
Synthesis Optimization Runtime : Time (s): cpu = 00:00:18 ; elapsed = 00:00:24 . Memory (MB): peak = 1412.465 ; gain = 0.000
Synthesis Optimization Complete : Time (s): cpu = 00:00:26 ; elapsed = 00:00:26 . Memory (MB): peak = 1412.465 ; gain = 0.000
INFO: [Project 1-571] Translating synthesized netlist
Netlist sorting complete. Time (s): cpu = 00:00:00 ; elapsed = 00:00:00 . Memory (MB): peak = 1412.465 ; gain = 0.000
INFO: [Project 1-570] Preparing netlist for logic optimization
INFO: [Opt 31-138] Pushed 0 inverter(s) to 0 load pin(s).
Netlist sorting complete. Time (s): cpu = 00:00:00 ; elapsed = 00:00:00 . Memory (MB): peak = 1412.465 ; gain = 0.000
INFO: [Project 1-111] Unisim Transformation Summary:
No Unisim elements were transformed.

Synth Design complete, checksum: 37b46c02
INFO: [Common 17-83] Releasing license: Synthesis
20 Infos, 19 Warnings, 16 Critical Warnings and 0 Errors encountered.
synth_design completed successfully
synth_design: Time (s): cpu = 00:00:29 ; elapsed = 00:00:31 . Memory (MB): peak = 1412.465 ; gain = 0.000
INFO: [runtcl-6] Synthesis results are not added to the cache due to CRITICAL_WARNING
INFO: [Common 17-1381] The checkpoint 'C:/Users/jackf/School/Engineering/ECE3610/receiver/receiver.runs/synth_1/UART_Rx_Top.dcp' has been generated.
INFO: [runtcl-4] Executing : report_utilization -file UART_Rx_Top_utilization_synth.rpt -pb UART_Rx_Top_utilization_synth.pb
INFO: [Common 17-206] Exiting Vivado at Wed Sep 21 16:17:34 2022...
